BATCH_START 1 size=51
ADB shell rm -f /sdcard/Android/data/com.example.vivy_app/files/vivy_debug_batch/batch_inbox/*
ADB shell rm -f /sdcard/Android/data/com.example.vivy_app/files/vivy_debug_batch/trigger.run
ADB push C:\Users\YUKI\Documents\Vivy\real_world_samples\Android\gA_223.jpg /sdcard/Android/data/com.example.vivy_app/files/vivy_debug_batch/batch_inbox/
ADB push C:\Users\YUKI\Documents\Vivy\real_world_samples\Android\gA_249.jpg /sdcard/Android/data/com.example.vivy_app/files/vivy_debug_batch/batch_inbox/
ADB push C:\Users\YUKI\Documents\Vivy\real_world_samples\Android\gA_250.jpg /sdcard/Android/data/com.example.vivy_app/files/vivy_debug_batch/batch_inbox/
ADB push C:\Users\YUKI\Documents\Vivy\real_world_samples\Android\gA_275.jpg /sdcard/Android/data/com.example.vivy_app/files/vivy_debug_batch/batch_inbox/
ADB push C:\Users\YUKI\Documents\Vivy\real_world_samples\Android\gA_276.jfif /sdcard/Android/data/com.example.vivy_app/files/vivy_debug_batch/batch_inbox/
ADB push C:\Users\YUKI\Documents\Vivy\real_world_samples\Android\gA_277.jfif /sdcard/Android/data/com.example.vivy_app/files/vivy_debug_batch/batch_inbox/
ADB push C:\Users\YUKI\Documents\Vivy\real_world_samples\Android\gA_278.jpg /sdcard/Android/data/com.example.vivy_app/files/vivy_debug_batch/batch_inbox/
ADB push C:\Users\YUKI\Documents\Vivy\real_world_samples\Android\gA_279.jfif /sdcard/Android/data/com.example.vivy_app/files/vivy_debug_batch/batch_inbox/
ADB push C:\Users\YUKI\Documents\Vivy\real_world_samples\Android\gA_280.jpg /sdcard/Android/data/com.example.vivy_app/files/vivy_debug_batch/batch_inbox/
ADB push C:\Users\YUKI\Documents\Vivy\real_world_samples\Android\gA_281.jfif /sdcard/Android/data/com.example.vivy_app/files/vivy_debug_batch/batch_inbox/
ADB push C:\Users\YUKI\Documents\Vivy\real_world_samples\Android\gA_282.jpg /sdcard/Android/data/com.example.vivy_app/files/vivy_debug_batch/batch_inbox/
ADB push C:\Users\YUKI\Documents\Vivy\real_world_samples\Android\gA_283.jpg /sdcard/Android/data/com.example.vivy_app/files/vivy_debug_batch/batch_inbox/
ADB push C:\Users\YUKI\Documents\Vivy\real_world_samples\Android\gA_284.jpg /sdcard/Android/data/com.example.vivy_app/files/vivy_debug_batch/batch_inbox/
ADB push C:\Users\YUKI\Documents\Vivy\real_world_samples\Android\gA_285.jpg /sdcard/Android/data/com.example.vivy_app/files/vivy_debug_batch/batch_inbox/
ADB push C:\Users\YUKI\Documents\Vivy\real_world_samples\Android\gA_287.jfif /sdcard/Android/data/com.example.vivy_app/files/vivy_debug_batch/batch_inbox/
ADB push C:\Users\YUKI\Documents\Vivy\real_world_samples\Android\gA_288.jfif /sdcard/Android/data/com.example.vivy_app/files/vivy_debug_batch/batch_inbox/
ADB push C:\Users\YUKI\Documents\Vivy\real_world_samples\Android\gA_289.jfif /sdcard/Android/data/com.example.vivy_app/files/vivy_debug_batch/batch_inbox/
ADB push C:\Users\YUKI\Documents\Vivy\real_world_samples\Android\gA_291.jfif /sdcard/Android/data/com.example.vivy_app/files/vivy_debug_batch/batch_inbox/
ADB push C:\Users\YUKI\Documents\Vivy\real_world_samples\Android\gA_292.jfif /sdcard/Android/data/com.example.vivy_app/files/vivy_debug_batch/batch_inbox/
ADB push C:\Users\YUKI\Documents\Vivy\real_world_samples\Android\gA_303.jfif /sdcard/Android/data/com.example.vivy_app/files/vivy_debug_batch/batch_inbox/
ADB push C:\Users\YUKI\Documents\Vivy\real_world_samples\Android\gA_304.jfif /sdcard/Android/data/com.example.vivy_app/files/vivy_debug_batch/batch_inbox/
ADB push C:\Users\YUKI\Documents\Vivy\real_world_samples\Android\gA_305.jfif /sdcard/Android/data/com.example.vivy_app/files/vivy_debug_batch/batch_inbox/
ADB push C:\Users\YUKI\Documents\Vivy\real_world_samples\Android\gA_306.jfif /sdcard/Android/data/com.example.vivy_app/files/vivy_debug_batch/batch_inbox/
ADB push C:\Users\YUKI\Documents\Vivy\real_world_samples\Android\gA_307.jfif /sdcard/Android/data/com.example.vivy_app/files/vivy_debug_batch/batch_inbox/
ADB push C:\Users\YUKI\Documents\Vivy\real_world_samples\Android\gA_308.jfif /sdcard/Android/data/com.example.vivy_app/files/vivy_debug_batch/batch_inbox/
ADB push C:\Users\YUKI\Documents\Vivy\real_world_samples\Android\gA_309.jfif /sdcard/Android/data/com.example.vivy_app/files/vivy_debug_batch/batch_inbox/
ADB push C:\Users\YUKI\Documents\Vivy\real_world_samples\Android\gA_310.jfif /sdcard/Android/data/com.example.vivy_app/files/vivy_debug_batch/batch_inbox/
ADB push C:\Users\YUKI\Documents\Vivy\real_world_samples\Android\gA_311.jfif /sdcard/Android/data/com.example.vivy_app/files/vivy_debug_batch/batch_inbox/
ADB push C:\Users\YUKI\Documents\Vivy\real_world_samples\Android\gA_312.jfif /sdcard/Android/data/com.example.vivy_app/files/vivy_debug_batch/batch_inbox/
ADB push C:\Users\YUKI\Documents\Vivy\real_world_samples\Android\gA_313.jfif /sdcard/Android/data/com.example.vivy_app/files/vivy_debug_batch/batch_inbox/
ADB push C:\Users\YUKI\Documents\Vivy\real_world_samples\Android\gA_314.jfif /sdcard/Android/data/com.example.vivy_app/files/vivy_debug_batch/batch_inbox/
ADB push C:\Users\YUKI\Documents\Vivy\real_world_samples\Android\gA_315.jfif /sdcard/Android/data/com.example.vivy_app/files/vivy_debug_batch/batch_inbox/
ADB push C:\Users\YUKI\Documents\Vivy\real_world_samples\Android\gA_316.jpg /sdcard/Android/data/com.example.vivy_app/files/vivy_debug_batch/batch_inbox/
ADB push C:\Users\YUKI\Documents\Vivy\real_world_samples\Android\gA_317.jpg /sdcard/Android/data/com.example.vivy_app/files/vivy_debug_batch/batch_inbox/
ADB push C:\Users\YUKI\Documents\Vivy\real_world_samples\Android\gA_318.jpg /sdcard/Android/data/com.example.vivy_app/files/vivy_debug_batch/batch_inbox/
ADB push C:\Users\YUKI\Documents\Vivy\real_world_samples\Android\gA_319.jpg /sdcard/Android/data/com.example.vivy_app/files/vivy_debug_batch/batch_inbox/
ADB push C:\Users\YUKI\Documents\Vivy\real_world_samples\Android\gA_320.jpg /sdcard/Android/data/com.example.vivy_app/files/vivy_debug_batch/batch_inbox/
ADB push C:\Users\YUKI\Documents\Vivy\real_world_samples\Android\gA_321.jpg /sdcard/Android/data/com.example.vivy_app/files/vivy_debug_batch/batch_inbox/
ADB push C:\Users\YUKI\Documents\Vivy\real_world_samples\Android\gA_322.jpg /sdcard/Android/data/com.example.vivy_app/files/vivy_debug_batch/batch_inbox/
ADB push C:\Users\YUKI\Documents\Vivy\real_world_samples\Android\gA_323.jpg /sdcard/Android/data/com.example.vivy_app/files/vivy_debug_batch/batch_inbox/
ADB push C:\Users\YUKI\Documents\Vivy\real_world_samples\Android\gA_324.jpg /sdcard/Android/data/com.example.vivy_app/files/vivy_debug_batch/batch_inbox/
ADB push C:\Users\YUKI\Documents\Vivy\real_world_samples\Android\gA_327.jpg /sdcard/Android/data/com.example.vivy_app/files/vivy_debug_batch/batch_inbox/
ADB push C:\Users\YUKI\Documents\Vivy\real_world_samples\Android\gA_328.jpg /sdcard/Android/data/com.example.vivy_app/files/vivy_debug_batch/batch_inbox/
ADB push C:\Users\YUKI\Documents\Vivy\real_world_samples\Android\gA_329.jpg /sdcard/Android/data/com.example.vivy_app/files/vivy_debug_batch/batch_inbox/
ADB push C:\Users\YUKI\Documents\Vivy\real_world_samples\Android\gA_330.jpg /sdcard/Android/data/com.example.vivy_app/files/vivy_debug_batch/batch_inbox/
ADB push C:\Users\YUKI\Documents\Vivy\real_world_samples\Android\gA_331.jpg /sdcard/Android/data/com.example.vivy_app/files/vivy_debug_batch/batch_inbox/
ADB push C:\Users\YUKI\Documents\Vivy\real_world_samples\Android\gA_332.jpg /sdcard/Android/data/com.example.vivy_app/files/vivy_debug_batch/batch_inbox/
ADB push C:\Users\YUKI\Documents\Vivy\real_world_samples\Android\gA_333.jpg /sdcard/Android/data/com.example.vivy_app/files/vivy_debug_batch/batch_inbox/
ADB push C:\Users\YUKI\Documents\Vivy\real_world_samples\Android\gA_334.jpg /sdcard/Android/data/com.example.vivy_app/files/vivy_debug_batch/batch_inbox/
ADB push C:\Users\YUKI\Documents\Vivy\real_world_samples\Android\gA_335.jpg /sdcard/Android/data/com.example.vivy_app/files/vivy_debug_batch/batch_inbox/
ADB push C:\Users\YUKI\Documents\Vivy\real_world_samples\Android\gA_336.jpg /sdcard/Android/data/com.example.vivy_app/files/vivy_debug_batch/batch_inbox/
ADB shell touch /sdcard/Android/data/com.example.vivy_app/files/vivy_debug_batch/trigger.run
ADB shell monkey -p com.example.vivy_app -c android.intent.category.LAUNCHER 1
BATCH_DONE 1 export=/storage/emulated/0/Android/data/com.example.vivy_app/files/vivy_debug_batch/batch_exports/batch_results_2026-07-12T13-54-45.930372Z.csv
ADB pull /storage/emulated/0/Android/data/com.example.vivy_app/files/vivy_debug_batch/batch_exports/batch_results_2026-07-12T13-54-45.930372Z.csv C:\Users\YUKI\Documents\Vivy\artifacts\debug_compare\full204_postfix\batches\batch_01\batch_results_2026-07-12T13-54-45.930372Z.csv
BATCH_START 2 size=51
ADB shell rm -f /sdcard/Android/data/com.example.vivy_app/files/vivy_debug_batch/batch_inbox/*
ADB shell rm -f /sdcard/Android/data/com.example.vivy_app/files/vivy_debug_batch/trigger.run
ADB push C:\Users\YUKI\Documents\Vivy\real_world_samples\Android\gA_337.jpg /sdcard/Android/data/com.example.vivy_app/files/vivy_debug_batch/batch_inbox/
ADB push C:\Users\YUKI\Documents\Vivy\real_world_samples\Android\gA_338.jpg /sdcard/Android/data/com.example.vivy_app/files/vivy_debug_batch/batch_inbox/
ADB push C:\Users\YUKI\Documents\Vivy\real_world_samples\Android\gA_339.jpg /sdcard/Android/data/com.example.vivy_app/files/vivy_debug_batch/batch_inbox/
ADB push C:\Users\YUKI\Documents\Vivy\real_world_samples\Android\gA_340.jpg /sdcard/Android/data/com.example.vivy_app/files/vivy_debug_batch/batch_inbox/
ADB push C:\Users\YUKI\Documents\Vivy\real_world_samples\Android\gA_341.jpg /sdcard/Android/data/com.example.vivy_app/files/vivy_debug_batch/batch_inbox/
ADB push C:\Users\YUKI\Documents\Vivy\real_world_samples\Android\gA_342.jpg /sdcard/Android/data/com.example.vivy_app/files/vivy_debug_batch/batch_inbox/
ADB push C:\Users\YUKI\Documents\Vivy\real_world_samples\Android\gA_343.jpg /sdcard/Android/data/com.example.vivy_app/files/vivy_debug_batch/batch_inbox/
ADB push C:\Users\YUKI\Documents\Vivy\real_world_samples\Android\gA_344.jpg /sdcard/Android/data/com.example.vivy_app/files/vivy_debug_batch/batch_inbox/
ADB push C:\Users\YUKI\Documents\Vivy\real_world_samples\Android\gA_345.jpg /sdcard/Android/data/com.example.vivy_app/files/vivy_debug_batch/batch_inbox/
ADB push C:\Users\YUKI\Documents\Vivy\real_world_samples\Android\gA_346.jpg /sdcard/Android/data/com.example.vivy_app/files/vivy_debug_batch/batch_inbox/
ADB push C:\Users\YUKI\Documents\Vivy\real_world_samples\Android\gA_347.jpg /sdcard/Android/data/com.example.vivy_app/files/vivy_debug_batch/batch_inbox/
ADB push C:\Users\YUKI\Documents\Vivy\real_world_samples\Android\gA_348.jpg /sdcard/Android/data/com.example.vivy_app/files/vivy_debug_batch/batch_inbox/
ADB push C:\Users\YUKI\Documents\Vivy\real_world_samples\Android\gA_349.jpg /sdcard/Android/data/com.example.vivy_app/files/vivy_debug_batch/batch_inbox/
ADB push C:\Users\YUKI\Documents\Vivy\real_world_samples\Android\gA_350.jpg /sdcard/Android/data/com.example.vivy_app/files/vivy_debug_batch/batch_inbox/
ADB push C:\Users\YUKI\Documents\Vivy\real_world_samples\Android\gA_351.jpg /sdcard/Android/data/com.example.vivy_app/files/vivy_debug_batch/batch_inbox/
ADB push C:\Users\YUKI\Documents\Vivy\real_world_samples\Android\gA_352.jpg /sdcard/Android/data/com.example.vivy_app/files/vivy_debug_batch/batch_inbox/
ADB push C:\Users\YUKI\Documents\Vivy\real_world_samples\Android\gA_353.jpg /sdcard/Android/data/com.example.vivy_app/files/vivy_debug_batch/batch_inbox/
ADB push C:\Users\YUKI\Documents\Vivy\real_world_samples\Android\gA_354.jpg /sdcard/Android/data/com.example.vivy_app/files/vivy_debug_batch/batch_inbox/
ADB push C:\Users\YUKI\Documents\Vivy\real_world_samples\Android\gA_355.jpg /sdcard/Android/data/com.example.vivy_app/files/vivy_debug_batch/batch_inbox/
ADB push C:\Users\YUKI\Documents\Vivy\real_world_samples\Android\gA_356.jpg /sdcard/Android/data/com.example.vivy_app/files/vivy_debug_batch/batch_inbox/
ADB push C:\Users\YUKI\Documents\Vivy\real_world_samples\Android\gA_357.jpg /sdcard/Android/data/com.example.vivy_app/files/vivy_debug_batch/batch_inbox/
ADB push C:\Users\YUKI\Documents\Vivy\real_world_samples\Android\gA_358.jpg /sdcard/Android/data/com.example.vivy_app/files/vivy_debug_batch/batch_inbox/
ADB push C:\Users\YUKI\Documents\Vivy\real_world_samples\Android\gA_359.jpg /sdcard/Android/data/com.example.vivy_app/files/vivy_debug_batch/batch_inbox/
ADB push C:\Users\YUKI\Documents\Vivy\real_world_samples\Android\gA_360.jpg /sdcard/Android/data/com.example.vivy_app/files/vivy_debug_batch/batch_inbox/
ADB push C:\Users\YUKI\Documents\Vivy\real_world_samples\Android\gA_361.jpg /sdcard/Android/data/com.example.vivy_app/files/vivy_debug_batch/batch_inbox/
ADB push C:\Users\YUKI\Documents\Vivy\real_world_samples\Android\gA_362.jpg /sdcard/Android/data/com.example.vivy_app/files/vivy_debug_batch/batch_inbox/
ADB push C:\Users\YUKI\Documents\Vivy\real_world_samples\Android\gA_363.jpg /sdcard/Android/data/com.example.vivy_app/files/vivy_debug_batch/batch_inbox/
ADB push C:\Users\YUKI\Documents\Vivy\real_world_samples\Android\gA_364.jpg /sdcard/Android/data/com.example.vivy_app/files/vivy_debug_batch/batch_inbox/
ADB push C:\Users\YUKI\Documents\Vivy\real_world_samples\Android\gA_365.jpg /sdcard/Android/data/com.example.vivy_app/files/vivy_debug_batch/batch_inbox/
ADB push C:\Users\YUKI\Documents\Vivy\real_world_samples\Android\gA_366.jpg /sdcard/Android/data/com.example.vivy_app/files/vivy_debug_batch/batch_inbox/
ADB push C:\Users\YUKI\Documents\Vivy\real_world_samples\Android\gA_367.jpg /sdcard/Android/data/com.example.vivy_app/files/vivy_debug_batch/batch_inbox/
ADB push C:\Users\YUKI\Documents\Vivy\real_world_samples\Android\gA_368.jpg /sdcard/Android/data/com.example.vivy_app/files/vivy_debug_batch/batch_inbox/
ADB push C:\Users\YUKI\Documents\Vivy\real_world_samples\Android\gA_369.jpg /sdcard/Android/data/com.example.vivy_app/files/vivy_debug_batch/batch_inbox/
ADB push C:\Users\YUKI\Documents\Vivy\real_world_samples\Android\gA_370.jpg /sdcard/Android/data/com.example.vivy_app/files/vivy_debug_batch/batch_inbox/
ADB push C:\Users\YUKI\Documents\Vivy\real_world_samples\Android\gA_371.jpg /sdcard/Android/data/com.example.vivy_app/files/vivy_debug_batch/batch_inbox/
ADB push C:\Users\YUKI\Documents\Vivy\real_world_samples\Android\gA_372.jpg /sdcard/Android/data/com.example.vivy_app/files/vivy_debug_batch/batch_inbox/
ADB push C:\Users\YUKI\Documents\Vivy\real_world_samples\Android\gA_373.jpg /sdcard/Android/data/com.example.vivy_app/files/vivy_debug_batch/batch_inbox/
ADB push C:\Users\YUKI\Documents\Vivy\real_world_samples\Android\gA_374.jpg /sdcard/Android/data/com.example.vivy_app/files/vivy_debug_batch/batch_inbox/
ADB push C:\Users\YUKI\Documents\Vivy\real_world_samples\Android\gA_375.jpg /sdcard/Android/data/com.example.vivy_app/files/vivy_debug_batch/batch_inbox/
ADB push C:\Users\YUKI\Documents\Vivy\real_world_samples\Android\gA_376.jpg /sdcard/Android/data/com.example.vivy_app/files/vivy_debug_batch/batch_inbox/
ADB push C:\Users\YUKI\Documents\Vivy\real_world_samples\Android\gA_377.jpg /sdcard/Android/data/com.example.vivy_app/files/vivy_debug_batch/batch_inbox/
ADB push C:\Users\YUKI\Documents\Vivy\real_world_samples\Android\gA_378.jpg /sdcard/Android/data/com.example.vivy_app/files/vivy_debug_batch/batch_inbox/
ADB push C:\Users\YUKI\Documents\Vivy\real_world_samples\Android\gA_379.jpg /sdcard/Android/data/com.example.vivy_app/files/vivy_debug_batch/batch_inbox/
ADB push C:\Users\YUKI\Documents\Vivy\real_world_samples\Android\gA_380.jpg /sdcard/Android/data/com.example.vivy_app/files/vivy_debug_batch/batch_inbox/
ADB push C:\Users\YUKI\Documents\Vivy\real_world_samples\Android\gA_381.jpg /sdcard/Android/data/com.example.vivy_app/files/vivy_debug_batch/batch_inbox/
ADB push C:\Users\YUKI\Documents\Vivy\real_world_samples\Android\gA_382.jpg /sdcard/Android/data/com.example.vivy_app/files/vivy_debug_batch/batch_inbox/
ADB push C:\Users\YUKI\Documents\Vivy\real_world_samples\Android\gA_383.jpg /sdcard/Android/data/com.example.vivy_app/files/vivy_debug_batch/batch_inbox/
ADB push C:\Users\YUKI\Documents\Vivy\real_world_samples\Android\gA_384.jpg /sdcard/Android/data/com.example.vivy_app/files/vivy_debug_batch/batch_inbox/
ADB push C:\Users\YUKI\Documents\Vivy\real_world_samples\Android\gA_385.jpg /sdcard/Android/data/com.example.vivy_app/files/vivy_debug_batch/batch_inbox/
ADB push C:\Users\YUKI\Documents\Vivy\real_world_samples\Android\gA_386.jpg /sdcard/Android/data/com.example.vivy_app/files/vivy_debug_batch/batch_inbox/
ADB push C:\Users\YUKI\Documents\Vivy\real_world_samples\Android\gA_387.jpg /sdcard/Android/data/com.example.vivy_app/files/vivy_debug_batch/batch_inbox/
ADB shell touch /sdcard/Android/data/com.example.vivy_app/files/vivy_debug_batch/trigger.run
ADB shell monkey -p com.example.vivy_app -c android.intent.category.LAUNCHER 1
BATCH_DONE 2 export=/storage/emulated/0/Android/data/com.example.vivy_app/files/vivy_debug_batch/batch_exports/batch_results_2026-07-12T13-55-24.075679Z.csv
ADB pull /storage/emulated/0/Android/data/com.example.vivy_app/files/vivy_debug_batch/batch_exports/batch_results_2026-07-12T13-55-24.075679Z.csv C:\Users\YUKI\Documents\Vivy\artifacts\debug_compare\full204_postfix\batches\batch_02\batch_results_2026-07-12T13-55-24.075679Z.csv
BATCH_START 3 size=51
ADB shell rm -f /sdcard/Android/data/com.example.vivy_app/files/vivy_debug_batch/batch_inbox/*
ADB shell rm -f /sdcard/Android/data/com.example.vivy_app/files/vivy_debug_batch/trigger.run
ADB push C:\Users\YUKI\Documents\Vivy\real_world_samples\Android\gA_388.jpg /sdcard/Android/data/com.example.vivy_app/files/vivy_debug_batch/batch_inbox/
ADB push C:\Users\YUKI\Documents\Vivy\real_world_samples\Android\gA_389.jpg /sdcard/Android/data/com.example.vivy_app/files/vivy_debug_batch/batch_inbox/
ADB push C:\Users\YUKI\Documents\Vivy\real_world_samples\Android\gA_390.jpg /sdcard/Android/data/com.example.vivy_app/files/vivy_debug_batch/batch_inbox/
ADB push C:\Users\YUKI\Documents\Vivy\real_world_samples\Android\gA_391.jpg /sdcard/Android/data/com.example.vivy_app/files/vivy_debug_batch/batch_inbox/
ADB push C:\Users\YUKI\Documents\Vivy\real_world_samples\Android\gA_392.jpg /sdcard/Android/data/com.example.vivy_app/files/vivy_debug_batch/batch_inbox/
ADB push C:\Users\YUKI\Documents\Vivy\real_world_samples\Android\gA_393.jpg /sdcard/Android/data/com.example.vivy_app/files/vivy_debug_batch/batch_inbox/
ADB push C:\Users\YUKI\Documents\Vivy\real_world_samples\Android\gA_394.jpg /sdcard/Android/data/com.example.vivy_app/files/vivy_debug_batch/batch_inbox/
ADB push C:\Users\YUKI\Documents\Vivy\real_world_samples\Android\gA_395.jpg /sdcard/Android/data/com.example.vivy_app/files/vivy_debug_batch/batch_inbox/
ADB push C:\Users\YUKI\Documents\Vivy\real_world_samples\Android\gA_396.jpg /sdcard/Android/data/com.example.vivy_app/files/vivy_debug_batch/batch_inbox/
ADB push C:\Users\YUKI\Documents\Vivy\real_world_samples\Android\gA_397.jpg /sdcard/Android/data/com.example.vivy_app/files/vivy_debug_batch/batch_inbox/
ADB push C:\Users\YUKI\Documents\Vivy\real_world_samples\Android\gA_398.jfif /sdcard/Android/data/com.example.vivy_app/files/vivy_debug_batch/batch_inbox/
ADB push C:\Users\YUKI\Documents\Vivy\real_world_samples\Android\gA_399.jfif /sdcard/Android/data/com.example.vivy_app/files/vivy_debug_batch/batch_inbox/
ADB push C:\Users\YUKI\Documents\Vivy\real_world_samples\Android\gA_400.jfif /sdcard/Android/data/com.example.vivy_app/files/vivy_debug_batch/batch_inbox/
ADB push C:\Users\YUKI\Documents\Vivy\real_world_samples\iOS\gI_249.jpg /sdcard/Android/data/com.example.vivy_app/files/vivy_debug_batch/batch_inbox/
ADB push C:\Users\YUKI\Documents\Vivy\real_world_samples\iOS\gI_285.JPEG /sdcard/Android/data/com.example.vivy_app/files/vivy_debug_batch/batch_inbox/
ADB push C:\Users\YUKI\Documents\Vivy\real_world_samples\iOS\gI_288.JPEG /sdcard/Android/data/com.example.vivy_app/files/vivy_debug_batch/batch_inbox/
ADB push C:\Users\YUKI\Documents\Vivy\real_world_samples\iOS\gI_289.JPEG /sdcard/Android/data/com.example.vivy_app/files/vivy_debug_batch/batch_inbox/
ADB push C:\Users\YUKI\Documents\Vivy\real_world_samples\iOS\gI_290.jpg /sdcard/Android/data/com.example.vivy_app/files/vivy_debug_batch/batch_inbox/
ADB push C:\Users\YUKI\Documents\Vivy\real_world_samples\iOS\gI_291.JPEG /sdcard/Android/data/com.example.vivy_app/files/vivy_debug_batch/batch_inbox/
ADB push C:\Users\YUKI\Documents\Vivy\real_world_samples\iOS\gI_292.jpg /sdcard/Android/data/com.example.vivy_app/files/vivy_debug_batch/batch_inbox/
ADB push C:\Users\YUKI\Documents\Vivy\real_world_samples\iOS\gI_293.JPEG /sdcard/Android/data/com.example.vivy_app/files/vivy_debug_batch/batch_inbox/
ADB push C:\Users\YUKI\Documents\Vivy\real_world_samples\iOS\gI_294.jpg /sdcard/Android/data/com.example.vivy_app/files/vivy_debug_batch/batch_inbox/
ADB push C:\Users\YUKI\Documents\Vivy\real_world_samples\iOS\gI_295.JPEG /sdcard/Android/data/com.example.vivy_app/files/vivy_debug_batch/batch_inbox/
ADB push C:\Users\YUKI\Documents\Vivy\real_world_samples\iOS\gI_296.JPEG /sdcard/Android/data/com.example.vivy_app/files/vivy_debug_batch/batch_inbox/
ADB push C:\Users\YUKI\Documents\Vivy\real_world_samples\iOS\gI_297.jpg /sdcard/Android/data/com.example.vivy_app/files/vivy_debug_batch/batch_inbox/
ADB push C:\Users\YUKI\Documents\Vivy\real_world_samples\iOS\gI_298.jpg /sdcard/Android/data/com.example.vivy_app/files/vivy_debug_batch/batch_inbox/
ADB push C:\Users\YUKI\Documents\Vivy\real_world_samples\iOS\gI_300.jpg /sdcard/Android/data/com.example.vivy_app/files/vivy_debug_batch/batch_inbox/
ADB push C:\Users\YUKI\Documents\Vivy\real_world_samples\iOS\gI_301.JPEG /sdcard/Android/data/com.example.vivy_app/files/vivy_debug_batch/batch_inbox/
ADB push C:\Users\YUKI\Documents\Vivy\real_world_samples\iOS\gI_302.JPEG /sdcard/Android/data/com.example.vivy_app/files/vivy_debug_batch/batch_inbox/
ADB push C:\Users\YUKI\Documents\Vivy\real_world_samples\iOS\gI_303.JPEG /sdcard/Android/data/com.example.vivy_app/files/vivy_debug_batch/batch_inbox/
ADB push C:\Users\YUKI\Documents\Vivy\real_world_samples\iOS\gI_304.JPEG /sdcard/Android/data/com.example.vivy_app/files/vivy_debug_batch/batch_inbox/
ADB push C:\Users\YUKI\Documents\Vivy\real_world_samples\iOS\gI_305.JPEG /sdcard/Android/data/com.example.vivy_app/files/vivy_debug_batch/batch_inbox/
ADB push C:\Users\YUKI\Documents\Vivy\real_world_samples\iOS\gI_306.JPEG /sdcard/Android/data/com.example.vivy_app/files/vivy_debug_batch/batch_inbox/
ADB push C:\Users\YUKI\Documents\Vivy\real_world_samples\iOS\gI_307.JPEG /sdcard/Android/data/com.example.vivy_app/files/vivy_debug_batch/batch_inbox/
ADB push C:\Users\YUKI\Documents\Vivy\real_world_samples\iOS\gI_308.JPEG /sdcard/Android/data/com.example.vivy_app/files/vivy_debug_batch/batch_inbox/
ADB push C:\Users\YUKI\Documents\Vivy\real_world_samples\iOS\gI_310.JPEG /sdcard/Android/data/com.example.vivy_app/files/vivy_debug_batch/batch_inbox/
ADB push C:\Users\YUKI\Documents\Vivy\real_world_samples\iOS\gI_311.JPEG /sdcard/Android/data/com.example.vivy_app/files/vivy_debug_batch/batch_inbox/
ADB push C:\Users\YUKI\Documents\Vivy\real_world_samples\iOS\gI_312.JPEG /sdcard/Android/data/com.example.vivy_app/files/vivy_debug_batch/batch_inbox/
ADB push C:\Users\YUKI\Documents\Vivy\real_world_samples\iOS\gI_313.JPEG /sdcard/Android/data/com.example.vivy_app/files/vivy_debug_batch/batch_inbox/
ADB push C:\Users\YUKI\Documents\Vivy\real_world_samples\iOS\gI_314.JPEG /sdcard/Android/data/com.example.vivy_app/files/vivy_debug_batch/batch_inbox/
ADB push C:\Users\YUKI\Documents\Vivy\real_world_samples\iOS\gI_315.JPEG /sdcard/Android/data/com.example.vivy_app/files/vivy_debug_batch/batch_inbox/
ADB push C:\Users\YUKI\Documents\Vivy\real_world_samples\iOS\gI_316.JPEG /sdcard/Android/data/com.example.vivy_app/files/vivy_debug_batch/batch_inbox/
ADB push C:\Users\YUKI\Documents\Vivy\real_world_samples\iOS\gI_318.JPEG /sdcard/Android/data/com.example.vivy_app/files/vivy_debug_batch/batch_inbox/
ADB push C:\Users\YUKI\Documents\Vivy\real_world_samples\iOS\gI_319.JPEG /sdcard/Android/data/com.example.vivy_app/files/vivy_debug_batch/batch_inbox/
ADB push C:\Users\YUKI\Documents\Vivy\real_world_samples\iOS\gI_320.JPEG /sdcard/Android/data/com.example.vivy_app/files/vivy_debug_batch/batch_inbox/
ADB push C:\Users\YUKI\Documents\Vivy\real_world_samples\iOS\gI_321.JPEG /sdcard/Android/data/com.example.vivy_app/files/vivy_debug_batch/batch_inbox/
ADB push C:\Users\YUKI\Documents\Vivy\real_world_samples\iOS\gI_322.JPEG /sdcard/Android/data/com.example.vivy_app/files/vivy_debug_batch/batch_inbox/
ADB push C:\Users\YUKI\Documents\Vivy\real_world_samples\iOS\gI_323.JPEG /sdcard/Android/data/com.example.vivy_app/files/vivy_debug_batch/batch_inbox/
ADB push C:\Users\YUKI\Documents\Vivy\real_world_samples\iOS\gI_324.JPEG /sdcard/Android/data/com.example.vivy_app/files/vivy_debug_batch/batch_inbox/
ADB push C:\Users\YUKI\Documents\Vivy\real_world_samples\iOS\gI_325.JPEG /sdcard/Android/data/com.example.vivy_app/files/vivy_debug_batch/batch_inbox/
ADB push C:\Users\YUKI\Documents\Vivy\real_world_samples\iOS\gI_326.JPEG /sdcard/Android/data/com.example.vivy_app/files/vivy_debug_batch/batch_inbox/
ADB shell touch /sdcard/Android/data/com.example.vivy_app/files/vivy_debug_batch/trigger.run
ADB shell monkey -p com.example.vivy_app -c android.intent.category.LAUNCHER 1
BATCH_DONE 3 export=/storage/emulated/0/Android/data/com.example.vivy_app/files/vivy_debug_batch/batch_exports/batch_results_2026-07-12T13-55-57.092480Z.csv
ADB pull /storage/emulated/0/Android/data/com.example.vivy_app/files/vivy_debug_batch/batch_exports/batch_results_2026-07-12T13-55-57.092480Z.csv C:\Users\YUKI\Documents\Vivy\artifacts\debug_compare\full204_postfix\batches\batch_03\batch_results_2026-07-12T13-55-57.092480Z.csv
BATCH_START 4 size=51
ADB shell rm -f /sdcard/Android/data/com.example.vivy_app/files/vivy_debug_batch/batch_inbox/*
ADB shell rm -f /sdcard/Android/data/com.example.vivy_app/files/vivy_debug_batch/trigger.run
ADB push C:\Users\YUKI\Documents\Vivy\real_world_samples\iOS\gI_327.JPEG /sdcard/Android/data/com.example.vivy_app/files/vivy_debug_batch/batch_inbox/
ADB push C:\Users\YUKI\Documents\Vivy\real_world_samples\iOS\gI_328.JPEG /sdcard/Android/data/com.example.vivy_app/files/vivy_debug_batch/batch_inbox/
ADB push C:\Users\YUKI\Documents\Vivy\real_world_samples\iOS\gI_329.JPEG /sdcard/Android/data/com.example.vivy_app/files/vivy_debug_batch/batch_inbox/
ADB push C:\Users\YUKI\Documents\Vivy\real_world_samples\iOS\gI_330.JPEG /sdcard/Android/data/com.example.vivy_app/files/vivy_debug_batch/batch_inbox/
ADB push C:\Users\YUKI\Documents\Vivy\real_world_samples\iOS\gI_331.JPEG /sdcard/Android/data/com.example.vivy_app/files/vivy_debug_batch/batch_inbox/
ADB push C:\Users\YUKI\Documents\Vivy\real_world_samples\iOS\gI_332.JPEG /sdcard/Android/data/com.example.vivy_app/files/vivy_debug_batch/batch_inbox/
ADB push C:\Users\YUKI\Documents\Vivy\real_world_samples\iOS\gI_333.JPEG /sdcard/Android/data/com.example.vivy_app/files/vivy_debug_batch/batch_inbox/
ADB push C:\Users\YUKI\Documents\Vivy\real_world_samples\iOS\gI_334.JPEG /sdcard/Android/data/com.example.vivy_app/files/vivy_debug_batch/batch_inbox/
ADB push C:\Users\YUKI\Documents\Vivy\real_world_samples\iOS\gI_335.JPEG /sdcard/Android/data/com.example.vivy_app/files/vivy_debug_batch/batch_inbox/
ADB push C:\Users\YUKI\Documents\Vivy\real_world_samples\iOS\gI_336.JPEG /sdcard/Android/data/com.example.vivy_app/files/vivy_debug_batch/batch_inbox/
ADB push C:\Users\YUKI\Documents\Vivy\real_world_samples\iOS\gI_337.JPEG /sdcard/Android/data/com.example.vivy_app/files/vivy_debug_batch/batch_inbox/
ADB push C:\Users\YUKI\Documents\Vivy\real_world_samples\iOS\gI_338.JPEG /sdcard/Android/data/com.example.vivy_app/files/vivy_debug_batch/batch_inbox/
ADB push C:\Users\YUKI\Documents\Vivy\real_world_samples\iOS\gI_339.JPEG /sdcard/Android/data/com.example.vivy_app/files/vivy_debug_batch/batch_inbox/
ADB push C:\Users\YUKI\Documents\Vivy\real_world_samples\iOS\gI_340.JPEG /sdcard/Android/data/com.example.vivy_app/files/vivy_debug_batch/batch_inbox/
ADB push C:\Users\YUKI\Documents\Vivy\real_world_samples\iOS\gI_341.JPEG /sdcard/Android/data/com.example.vivy_app/files/vivy_debug_batch/batch_inbox/
ADB push C:\Users\YUKI\Documents\Vivy\real_world_samples\iOS\gI_342.JPEG /sdcard/Android/data/com.example.vivy_app/files/vivy_debug_batch/batch_inbox/
ADB push C:\Users\YUKI\Documents\Vivy\real_world_samples\iOS\gI_343.JPEG /sdcard/Android/data/com.example.vivy_app/files/vivy_debug_batch/batch_inbox/
ADB push C:\Users\YUKI\Documents\Vivy\real_world_samples\iOS\gI_345.JPEG /sdcard/Android/data/com.example.vivy_app/files/vivy_debug_batch/batch_inbox/
ADB push C:\Users\YUKI\Documents\Vivy\real_world_samples\iOS\gI_346.JPEG /sdcard/Android/data/com.example.vivy_app/files/vivy_debug_batch/batch_inbox/
ADB push C:\Users\YUKI\Documents\Vivy\real_world_samples\iOS\gI_348.JPEG /sdcard/Android/data/com.example.vivy_app/files/vivy_debug_batch/batch_inbox/
ADB push C:\Users\YUKI\Documents\Vivy\real_world_samples\iOS\gI_349.JPEG /sdcard/Android/data/com.example.vivy_app/files/vivy_debug_batch/batch_inbox/
ADB push C:\Users\YUKI\Documents\Vivy\real_world_samples\iOS\gI_350.JPEG /sdcard/Android/data/com.example.vivy_app/files/vivy_debug_batch/batch_inbox/
ADB push C:\Users\YUKI\Documents\Vivy\real_world_samples\iOS\gI_351.JPEG /sdcard/Android/data/com.example.vivy_app/files/vivy_debug_batch/batch_inbox/
ADB push C:\Users\YUKI\Documents\Vivy\real_world_samples\iOS\gI_352.JPEG /sdcard/Android/data/com.example.vivy_app/files/vivy_debug_batch/batch_inbox/
ADB push C:\Users\YUKI\Documents\Vivy\real_world_samples\iOS\gI_353.JPEG /sdcard/Android/data/com.example.vivy_app/files/vivy_debug_batch/batch_inbox/
ADB push C:\Users\YUKI\Documents\Vivy\real_world_samples\iOS\gI_354.JPEG /sdcard/Android/data/com.example.vivy_app/files/vivy_debug_batch/batch_inbox/
ADB push C:\Users\YUKI\Documents\Vivy\real_world_samples\iOS\gI_355.JPEG /sdcard/Android/data/com.example.vivy_app/files/vivy_debug_batch/batch_inbox/
ADB push C:\Users\YUKI\Documents\Vivy\real_world_samples\iOS\gI_357.JPEG /sdcard/Android/data/com.example.vivy_app/files/vivy_debug_batch/batch_inbox/
ADB push C:\Users\YUKI\Documents\Vivy\real_world_samples\iOS\gI_358.JPEG /sdcard/Android/data/com.example.vivy_app/files/vivy_debug_batch/batch_inbox/
ADB push C:\Users\YUKI\Documents\Vivy\real_world_samples\iOS\gI_359.JPEG /sdcard/Android/data/com.example.vivy_app/files/vivy_debug_batch/batch_inbox/
ADB push C:\Users\YUKI\Documents\Vivy\real_world_samples\iOS\gI_360.JPEG /sdcard/Android/data/com.example.vivy_app/files/vivy_debug_batch/batch_inbox/
ADB push C:\Users\YUKI\Documents\Vivy\real_world_samples\iOS\gI_361.JPEG /sdcard/Android/data/com.example.vivy_app/files/vivy_debug_batch/batch_inbox/
ADB push C:\Users\YUKI\Documents\Vivy\real_world_samples\iOS\gI_363.JPEG /sdcard/Android/data/com.example.vivy_app/files/vivy_debug_batch/batch_inbox/
ADB push C:\Users\YUKI\Documents\Vivy\real_world_samples\iOS\gI_367.JPEG /sdcard/Android/data/com.example.vivy_app/files/vivy_debug_batch/batch_inbox/
ADB push C:\Users\YUKI\Documents\Vivy\real_world_samples\iOS\gI_368.JPEG /sdcard/Android/data/com.example.vivy_app/files/vivy_debug_batch/batch_inbox/
ADB push C:\Users\YUKI\Documents\Vivy\real_world_samples\iOS\gI_369.JPEG /sdcard/Android/data/com.example.vivy_app/files/vivy_debug_batch/batch_inbox/
ADB push C:\Users\YUKI\Documents\Vivy\real_world_samples\iOS\gI_370.JPEG /sdcard/Android/data/com.example.vivy_app/files/vivy_debug_batch/batch_inbox/
ADB push C:\Users\YUKI\Documents\Vivy\real_world_samples\iOS\gI_373.PNG /sdcard/Android/data/com.example.vivy_app/files/vivy_debug_batch/batch_inbox/
ADB push C:\Users\YUKI\Documents\Vivy\real_world_samples\iOS\gI_374.jpg /sdcard/Android/data/com.example.vivy_app/files/vivy_debug_batch/batch_inbox/
ADB push C:\Users\YUKI\Documents\Vivy\real_world_samples\iOS\gI_376.jpg /sdcard/Android/data/com.example.vivy_app/files/vivy_debug_batch/batch_inbox/
ADB push C:\Users\YUKI\Documents\Vivy\real_world_samples\iOS\gI_378.jpg /sdcard/Android/data/com.example.vivy_app/files/vivy_debug_batch/batch_inbox/
ADB push C:\Users\YUKI\Documents\Vivy\real_world_samples\iOS\gI_379.jpg /sdcard/Android/data/com.example.vivy_app/files/vivy_debug_batch/batch_inbox/
ADB push C:\Users\YUKI\Documents\Vivy\real_world_samples\iOS\gI_380.jpg /sdcard/Android/data/com.example.vivy_app/files/vivy_debug_batch/batch_inbox/
ADB push C:\Users\YUKI\Documents\Vivy\real_world_samples\iOS\gI_381.jpg /sdcard/Android/data/com.example.vivy_app/files/vivy_debug_batch/batch_inbox/
ADB push C:\Users\YUKI\Documents\Vivy\real_world_samples\iOS\gI_382.jpg /sdcard/Android/data/com.example.vivy_app/files/vivy_debug_batch/batch_inbox/
ADB push C:\Users\YUKI\Documents\Vivy\real_world_samples\iOS\gI_383.jpg /sdcard/Android/data/com.example.vivy_app/files/vivy_debug_batch/batch_inbox/
ADB push C:\Users\YUKI\Documents\Vivy\real_world_samples\iOS\gI_386.jpg /sdcard/Android/data/com.example.vivy_app/files/vivy_debug_batch/batch_inbox/
ADB push C:\Users\YUKI\Documents\Vivy\real_world_samples\iOS\gI_391.jpg /sdcard/Android/data/com.example.vivy_app/files/vivy_debug_batch/batch_inbox/
ADB push C:\Users\YUKI\Documents\Vivy\real_world_samples\iOS\gI_393.jpg /sdcard/Android/data/com.example.vivy_app/files/vivy_debug_batch/batch_inbox/
ADB push C:\Users\YUKI\Documents\Vivy\real_world_samples\iOS\gI_394.jpg /sdcard/Android/data/com.example.vivy_app/files/vivy_debug_batch/batch_inbox/
ADB push C:\Users\YUKI\Documents\Vivy\real_world_samples\iOS\gI_395.jpg /sdcard/Android/data/com.example.vivy_app/files/vivy_debug_batch/batch_inbox/
ADB shell touch /sdcard/Android/data/com.example.vivy_app/files/vivy_debug_batch/trigger.run
ADB shell monkey -p com.example.vivy_app -c android.intent.category.LAUNCHER 1
BATCH_DONE 4 export=/storage/emulated/0/Android/data/com.example.vivy_app/files/vivy_debug_batch/batch_exports/batch_results_2026-07-12T13-56-38.421317Z.csv
ADB pull /storage/emulated/0/Android/data/com.example.vivy_app/files/vivy_debug_batch/batch_exports/batch_results_2026-07-12T13-56-38.421317Z.csv C:\Users\YUKI\Documents\Vivy\artifacts\debug_compare\full204_postfix\batches\batch_04\batch_results_2026-07-12T13-56-38.421317Z.csv
